This file contains any messages produced by compilers while
running configure, to aid debugging if configure makes a mistake.

It was created by SDL2_image configure 2.8.2, which was
generated by GNU Autoconf 2.71.  Invocation command line was

  $ ./configure --no-create --no-recursion

## --------- ##
## Platform. ##
## --------- ##

hostname = AbobaLaptop
uname -m = x86_64
uname -r = 5.15.133.1-microsoft-standard-WSL2
uname -s = Linux
uname -v = #1 SMP Thu Oct 5 21:02:42 UTC 2023

/usr/bin/uname -p = x86_64
/bin/uname -X     = unknown

/bin/arch              = x86_64
/usr/bin/arch -k       = unknown
/usr/convex/getsysinfo = unknown
/usr/bin/hostinfo      = unknown
/bin/machine           = unknown
/usr/bin/oslevel       = unknown
/bin/universe          = unknown

PATH: /home/kozhevka/.vscode-server/bin/903b1e9d8990623e3d7da1df3d33db3e42d80eda/bin/remote-cli/
PATH: /usr/local/sbin/
PATH: /usr/local/bin/
PATH: /usr/sbin/
PATH: /usr/bin/
PATH: /sbin/
PATH: /bin/
PATH: /usr/games/
PATH: /usr/local/games/
PATH: /usr/lib/wsl/lib/
PATH: /mnt/c/Program Files/Oculus/Support/oculus-runtime/
PATH: /mnt/c/Program Files/Common Files/Oracle/Java/javapath/
PATH: /mnt/c/Program Files (x86)/Common Files/Oracle/Java/javapath/
PATH: /mnt/c/ProgramData/Oracle/Java/javapath/
PATH: /mnt/c/Windows/system32/
PATH: /mnt/c/Windows/
PATH: /mnt/c/Windows/System32/Wbem/
PATH: /mnt/c/Windows/System32/WindowsPowerShell/v1.0/
PATH: /mnt/c/Windows/System32/OpenSSH/
PATH: /mnt/c/Program Files (x86)/NVIDIA Corporation/PhysX/Common/
PATH: /mnt/c/Program Files/NVIDIA Corporation/NVIDIA NvDLISR/
PATH: /mnt/c/Program Files/Git/cmd/
PATH: /mnt/c/Program Files/PuTTY/
PATH: /mnt/c/WINDOWS/system32/
PATH: /mnt/c/WINDOWS/
PATH: /mnt/c/WINDOWS/System32/Wbem/
PATH: /mnt/c/WINDOWS/System32/WindowsPowerShell/v1.0/
PATH: /mnt/c/WINDOWS/System32/OpenSSH/
PATH: /mnt/c/Gradle/gradle-8.4/bin/
PATH: /mnt/c/Users/ilyak/AppData/Local/Programs/Python/Python311/Scripts/
PATH: /mnt/c/Users/ilyak/AppData/Local/Programs/Python/Python311/
PATH: /mnt/c/Users/ilyak/AppData/Local/Microsoft/WindowsApps/
PATH: /mnt/c/Users/ilyak/AppData/Local/JetBrains/Toolbox/scripts/
PATH: /mnt/c/Users/ilyak/AppData/Local/GitHubDesktop/bin/
PATH: /mnt/c/Users/ilyak/AppData/Local/Microsoft/WindowsApps/
PATH: /mnt/c/Users/ilyak/AppData/Local/Programs/Microsoft VS Code/bin/
PATH: /snap/bin/


## ----------- ##
## Core tests. ##
## ----------- ##

configure:2758: looking for aux files: missing install-sh compile config.guess config.sub ltmain.sh
configure:2771:  trying ./
configure:2800:   ./missing found
configure:2782:   ./install-sh found
configure:2800:   ./compile found
configure:2800:   ./config.guess found
configure:2800:   ./config.sub found
configure:2800:   ./ltmain.sh found
configure:2964: checking build system type
configure:2979: result: x86_64-pc-linux-gnu
configure:2999: checking host system type
configure:3013: result: x86_64-pc-linux-gnu
configure:3099: checking for gcc
configure:3120: found /usr/bin/gcc
configure:3131: result: gcc
configure:3484: checking for C compiler version
configure:3493: gcc --version >&5
gcc (Ubuntu 11.4.0-1ubuntu1~22.04) 11.4.0
Copyright (C) 2021 Free Software Foundation, Inc.
This is free software; see the source for copying conditions.  There is NO
warranty; not even for MERCHANTABILITY or FITNESS FOR A PARTICULAR PURPOSE.

configure:3504: $? = 0
configure:3493: gcc -v >&5
Using built-in specs.
COLLECT_GCC=gcc
COLLECT_LTO_WRAPPER=/usr/lib/gcc/x86_64-linux-gnu/11/lto-wrapper
OFFLOAD_TARGET_NAMES=nvptx-none:amdgcn-amdhsa
OFFLOAD_TARGET_DEFAULT=1
Target: x86_64-linux-gnu
Configured with: ../src/configure -v --with-pkgversion='Ubuntu 11.4.0-1ubuntu1~22.04' --with-bugurl=file:///usr/share/doc/gcc-11/README.Bugs --enable-languages=c,ada,c++,go,brig,d,fortran,objc,obj-c++,m2 --prefix=/usr --with-gcc-major-version-only --program-suffix=-11 --program-prefix=x86_64-linux-gnu- --enable-shared --enable-linker-build-id --libexecdir=/usr/lib --without-included-gettext --enable-threads=posix --libdir=/usr/lib --enable-nls --enable-bootstrap --enable-clocale=gnu --enable-libstdcxx-debug --enable-libstdcxx-time=yes --with-default-libstdcxx-abi=new --enable-gnu-unique-object --disable-vtable-verify --enable-plugin --enable-default-pie --with-system-zlib --enable-libphobos-checking=release --with-target-system-zlib=auto --enable-objc-gc=auto --enable-multiarch --disable-werror --enable-cet --with-arch-32=i686 --with-abi=m64 --with-multilib-list=m32,m64,mx32 --enable-multilib --with-tune=generic --enable-offload-targets=nvptx-none=/build/gcc-11-XeT9lY/gcc-11-11.4.0/debian/tmp-nvptx/usr,amdgcn-amdhsa=/build/gcc-11-XeT9lY/gcc-11-11.4.0/debian/tmp-gcn/usr --without-cuda-driver --enable-checking=release --build=x86_64-linux-gnu --host=x86_64-linux-gnu --target=x86_64-linux-gnu --with-build-config=bootstrap-lto-lean --enable-link-serialization=2
Thread model: posix
Supported LTO compression algorithms: zlib zstd
gcc version 11.4.0 (Ubuntu 11.4.0-1ubuntu1~22.04) 
... rest of stderr output deleted ...
configure:3504: $? = 0
configure:3493: gcc -V >&5
gcc: error: unrecognized command-line option '-V'
gcc: fatal error: no input files
compilation terminated.
configure:3504: $? = 1
configure:3493: gcc -qversion >&5
gcc: error: unrecognized command-line option '-qversion'; did you mean '--version'?
gcc: fatal error: no input files
compilation terminated.
configure:3504: $? = 1
configure:3493: gcc -version >&5
gcc: error: unrecognized command-line option '-version'
gcc: fatal error: no input files
compilation terminated.
configure:3504: $? = 1
configure:3524: checking whether the C compiler works
configure:3546: gcc    conftest.c  >&5
configure:3550: $? = 0
configure:3600: result: yes
configure:3603: checking for C compiler default output file name
configure:3605: result: a.out
configure:3611: checking for suffix of executables
configure:3618: gcc -o conftest    conftest.c  >&5
configure:3622: $? = 0
configure:3645: result: 
configure:3667: checking whether we are cross compiling
configure:3675: gcc -o conftest    conftest.c  >&5
configure:3679: $? = 0
configure:3686: ./conftest
configure:3690: $? = 0
configure:3705: result: no
configure:3710: checking for suffix of object files
configure:3733: gcc -c   conftest.c >&5
configure:3737: $? = 0
configure:3759: result: o
configure:3763: checking whether the compiler supports GNU C
configure:3783: gcc -c   conftest.c >&5
configure:3783: $? = 0
configure:3793: result: yes
configure:3804: checking whether gcc accepts -g
configure:3825: gcc -c -g  conftest.c >&5
configure:3825: $? = 0
configure:3869: result: yes
configure:3889: checking for gcc option to enable C11 features
configure:3904: gcc  -c -g -O2  conftest.c >&5
configure:3904: $? = 0
configure:3922: result: none needed
configure:4038: checking whether gcc understands -c and -o together
configure:4061: gcc -c conftest.c -o conftest2.o
configure:4064: $? = 0
configure:4061: gcc -c conftest.c -o conftest2.o
configure:4064: $? = 0
configure:4076: result: yes
configure:4093: checking for a sed that does not truncate output
configure:4163: result: /usr/bin/sed
configure:4181: checking for grep that handles long lines and -e
configure:4245: result: /usr/bin/grep
configure:4250: checking for egrep
configure:4318: result: /usr/bin/grep -E
configure:4323: checking for fgrep
configure:4391: result: /usr/bin/grep -F
configure:4427: checking for ld used by gcc
configure:4495: result: /usr/bin/ld
configure:4502: checking if the linker (/usr/bin/ld) is GNU ld
configure:4518: result: yes
configure:4530: checking for BSD- or MS-compatible name lister (nm)
configure:4580: result: /usr/bin/nm -B
configure:4708: checking the name lister (/usr/bin/nm -B) interface
configure:4716: gcc -c -g -O2  conftest.c >&5
configure:4719: /usr/bin/nm -B "conftest.o"
configure:4722: output
0000000000000000 B some_variable
configure:4729: result: BSD nm
configure:4732: checking whether ln -s works
configure:4736: result: yes
configure:4744: checking the maximum length of command line arguments
configure:4871: result: 1572864
configure:4888: checking whether the shell understands some XSI constructs
configure:4898: result: yes
configure:4902: checking whether the shell understands "+="
configure:4908: result: yes
configure:4943: checking for /usr/bin/ld option to reload object files
configure:4951: result: -r
configure:5025: checking for objdump
configure:5046: found /usr/bin/objdump
configure:5057: result: objdump
configure:5086: checking how to recognize dependent libraries
configure:5288: result: pass_all
configure:5353: checking for ar
configure:5374: found /usr/bin/ar
configure:5385: result: ar
configure:5468: checking for strip
configure:5489: found /usr/bin/strip
configure:5500: result: strip
configure:5577: checking for ranlib
configure:5598: found /usr/bin/ranlib
configure:5609: result: ranlib
configure:5699: checking command to parse /usr/bin/nm -B output from gcc object
configure:5818: gcc -c -g -O2  conftest.c >&5
configure:5821: $? = 0
configure:5825: /usr/bin/nm -B conftest.o \| sed -n -e 's/^.*[	 ]\([ABCDGIRSTW][ABCDGIRSTW]*\)[	 ][	 ]*\([_A-Za-z][_A-Za-z0-9]*\)$/\1 \2 \2/p' \> conftest.nm
configure:5828: $? = 0
configure:5882: gcc -o conftest -g -O2   conftest.c conftstm.o >&5
configure:5885: $? = 0
configure:5923: result: ok
configure:6020: gcc -c -g -O2  conftest.c >&5
configure:6023: $? = 0
configure:6785: checking for stdio.h
configure:6785: gcc -c -g -O2  conftest.c >&5
configure:6785: $? = 0
configure:6785: result: yes
configure:6785: checking for stdlib.h
configure:6785: gcc -c -g -O2  conftest.c >&5
configure:6785: $? = 0
configure:6785: result: yes
configure:6785: checking for string.h
configure:6785: gcc -c -g -O2  conftest.c >&5
configure:6785: $? = 0
configure:6785: result: yes
configure:6785: checking for inttypes.h
configure:6785: gcc -c -g -O2  conftest.c >&5
configure:6785: $? = 0
configure:6785: result: yes
configure:6785: checking for stdint.h
configure:6785: gcc -c -g -O2  conftest.c >&5
configure:6785: $? = 0
configure:6785: result: yes
configure:6785: checking for strings.h
configure:6785: gcc -c -g -O2  conftest.c >&5
configure:6785: $? = 0
configure:6785: result: yes
configure:6785: checking for sys/stat.h
configure:6785: gcc -c -g -O2  conftest.c >&5
configure:6785: $? = 0
configure:6785: result: yes
configure:6785: checking for sys/types.h
configure:6785: gcc -c -g -O2  conftest.c >&5
configure:6785: $? = 0
configure:6785: result: yes
configure:6785: checking for unistd.h
configure:6785: gcc -c -g -O2  conftest.c >&5
configure:6785: $? = 0
configure:6785: result: yes
configure:6810: checking for dlfcn.h
configure:6810: gcc -c -g -O2  conftest.c >&5
configure:6810: $? = 0
configure:6810: result: yes
configure:7323: checking for objdir
configure:7339: result: .libs
configure:7635: checking if gcc supports -fno-rtti -fno-exceptions
configure:7654: gcc -c -g -O2  -fno-rtti -fno-exceptions conftest.c >&5
cc1: warning: command-line option '-fno-rtti' is valid for C++/D/ObjC++ but not for C
configure:7658: $? = 0
configure:7671: result: no
configure:7691: checking for gcc option to produce PIC
configure:7973: result: -fPIC -DPIC
configure:7985: checking if gcc PIC flag -fPIC -DPIC works
configure:8004: gcc -c -g -O2  -fPIC -DPIC -DPIC conftest.c >&5
configure:8008: $? = 0
configure:8021: result: yes
configure:8045: checking if gcc static flag -static works
configure:8074: result: yes
configure:8089: checking if gcc supports -c -o file.o
configure:8111: gcc -c -g -O2  -o out/conftest2.o conftest.c >&5
configure:8115: $? = 0
configure:8137: result: yes
configure:8145: checking if gcc supports -c -o file.o
configure:8193: result: yes
configure:8226: checking whether the gcc linker (/usr/bin/ld -m elf_x86_64) supports shared libraries
configure:9260: result: yes
configure:9297: checking whether -lc should be explicitly linked in
configure:9302: gcc -c -g -O2  conftest.c >&5
configure:9305: $? = 0
configure:9320: gcc -shared conftest.o  -v -Wl,-soname -Wl,conftest -o conftest 2\>\&1 \| /usr/bin/grep  -lc  \>/dev/null 2\>\&1
configure:9323: $? = 0
configure:9335: result: no
configure:9499: checking dynamic linker characteristics
configure:9930: gcc -o conftest -g -O2   -Wl,-rpath -Wl,/foo conftest.c  >&5
configure:9930: $? = 0
configure:10175: result: GNU/Linux ld.so
configure:10277: checking how to hardcode library paths into programs
configure:10302: result: immediate
configure:10826: checking whether stripping libraries is possible
configure:10831: result: yes
configure:10866: checking if libtool supports shared libraries
configure:10868: result: yes
configure:10871: checking whether to build shared libraries
configure:10892: result: yes
configure:10895: checking whether to build static libraries
configure:10899: result: yes
configure:10984: checking for a BSD-compatible install
configure:11057: result: /usr/bin/install -c
configure:11068: checking whether build environment is sane
configure:11123: result: yes
configure:11278: checking for a race-free mkdir -p
configure:11322: result: /usr/bin/mkdir -p
configure:11329: checking for gawk
configure:11350: found /usr/bin/gawk
configure:11361: result: gawk
configure:11372: checking whether make sets $(MAKE)
configure:11395: result: yes
configure:11417: checking whether make supports the include directive
configure:11432: make -f confmf.GNU && cat confinc.out
make[1]: Entering directory '/home/kozhevka/downloads/ucode/endgame/EndGame_ucode/resourse/libs/SDL_image'
make[1]: Leaving directory '/home/kozhevka/downloads/ucode/endgame/EndGame_ucode/resourse/libs/SDL_image'
this is the am__doit target
configure:11435: $? = 0
configure:11454: result: yes (GNU style)
configure:11489: checking whether make supports nested variables
configure:11507: result: yes
configure:11592: checking whether UID '1000' is supported by ustar format
configure:11598: result: yes
configure:11605: checking whether GID '1000' is supported by ustar format
configure:11611: result: yes
configure:11619: checking how to create a ustar tar archive
configure:11630: tar --version
tar (GNU tar) 1.34
Copyright (C) 2021 Free Software Foundation, Inc.
License GPLv3+: GNU GPL version 3 or later <https://gnu.org/licenses/gpl.html>.
This is free software: you are free to change and redistribute it.
There is NO WARRANTY, to the extent permitted by law.

Written by John Gilmore and Jay Fenlason.
configure:11633: $? = 0
configure:11673: tardir=conftest.dir && eval tar --format=ustar -cf - "$tardir" >conftest.tar
configure:11676: $? = 0
configure:11680: tar -xf - <conftest.tar
configure:11683: $? = 0
configure:11685: cat conftest.dir/file
GrepMe
configure:11688: $? = 0
configure:11702: result: gnutar
configure:11711: checking dependency style of gcc
configure:11823: result: gcc3
configure:11900: checking for gawk
configure:11932: result: gawk
configure:11996: checking for gcc
configure:12028: result: gcc
configure:12381: checking for C compiler version
configure:12390: gcc --version >&5
gcc (Ubuntu 11.4.0-1ubuntu1~22.04) 11.4.0
Copyright (C) 2021 Free Software Foundation, Inc.
This is free software; see the source for copying conditions.  There is NO
warranty; not even for MERCHANTABILITY or FITNESS FOR A PARTICULAR PURPOSE.

configure:12401: $? = 0
configure:12390: gcc -v >&5
Using built-in specs.
COLLECT_GCC=gcc
COLLECT_LTO_WRAPPER=/usr/lib/gcc/x86_64-linux-gnu/11/lto-wrapper
OFFLOAD_TARGET_NAMES=nvptx-none:amdgcn-amdhsa
OFFLOAD_TARGET_DEFAULT=1
Target: x86_64-linux-gnu
Configured with: ../src/configure -v --with-pkgversion='Ubuntu 11.4.0-1ubuntu1~22.04' --with-bugurl=file:///usr/share/doc/gcc-11/README.Bugs --enable-languages=c,ada,c++,go,brig,d,fortran,objc,obj-c++,m2 --prefix=/usr --with-gcc-major-version-only --program-suffix=-11 --program-prefix=x86_64-linux-gnu- --enable-shared --enable-linker-build-id --libexecdir=/usr/lib --without-included-gettext --enable-threads=posix --libdir=/usr/lib --enable-nls --enable-bootstrap --enable-clocale=gnu --enable-libstdcxx-debug --enable-libstdcxx-time=yes --with-default-libstdcxx-abi=new --enable-gnu-unique-object --disable-vtable-verify --enable-plugin --enable-default-pie --with-system-zlib --enable-libphobos-checking=release --with-target-system-zlib=auto --enable-objc-gc=auto --enable-multiarch --disable-werror --enable-cet --with-arch-32=i686 --with-abi=m64 --with-multilib-list=m32,m64,mx32 --enable-multilib --with-tune=generic --enable-offload-targets=nvptx-none=/build/gcc-11-XeT9lY/gcc-11-11.4.0/debian/tmp-nvptx/usr,amdgcn-amdhsa=/build/gcc-11-XeT9lY/gcc-11-11.4.0/debian/tmp-gcn/usr --without-cuda-driver --enable-checking=release --build=x86_64-linux-gnu --host=x86_64-linux-gnu --target=x86_64-linux-gnu --with-build-config=bootstrap-lto-lean --enable-link-serialization=2
Thread model: posix
Supported LTO compression algorithms: zlib zstd
gcc version 11.4.0 (Ubuntu 11.4.0-1ubuntu1~22.04) 
... rest of stderr output deleted ...
configure:12401: $? = 0
configure:12390: gcc -V >&5
gcc: error: unrecognized command-line option '-V'
gcc: fatal error: no input files
compilation terminated.
configure:12401: $? = 1
configure:12390: gcc -qversion >&5
gcc: error: unrecognized command-line option '-qversion'; did you mean '--version'?
gcc: fatal error: no input files
compilation terminated.
configure:12401: $? = 1
configure:12390: gcc -version >&5
gcc: error: unrecognized command-line option '-version'
gcc: fatal error: no input files
compilation terminated.
configure:12401: $? = 1
configure:12405: checking whether the compiler supports GNU C
configure:12435: result: yes
configure:12446: checking whether gcc accepts -g
configure:12511: result: yes
configure:12531: checking for gcc option to enable C11 features
configure:12564: result: none needed
configure:12680: checking whether gcc understands -c and -o together
configure:12718: result: yes
configure:12794: checking for gcc
configure:12815: found /usr/bin/gcc
configure:12826: result: gcc
configure:12851: checking for Objective C compiler version
configure:12860: gcc --version >&5
gcc (Ubuntu 11.4.0-1ubuntu1~22.04) 11.4.0
Copyright (C) 2021 Free Software Foundation, Inc.
This is free software; see the source for copying conditions.  There is NO
warranty; not even for MERCHANTABILITY or FITNESS FOR A PARTICULAR PURPOSE.

configure:12871: $? = 0
configure:12860: gcc -v >&5
Using built-in specs.
COLLECT_GCC=gcc
COLLECT_LTO_WRAPPER=/usr/lib/gcc/x86_64-linux-gnu/11/lto-wrapper
OFFLOAD_TARGET_NAMES=nvptx-none:amdgcn-amdhsa
OFFLOAD_TARGET_DEFAULT=1
Target: x86_64-linux-gnu
Configured with: ../src/configure -v --with-pkgversion='Ubuntu 11.4.0-1ubuntu1~22.04' --with-bugurl=file:///usr/share/doc/gcc-11/README.Bugs --enable-languages=c,ada,c++,go,brig,d,fortran,objc,obj-c++,m2 --prefix=/usr --with-gcc-major-version-only --program-suffix=-11 --program-prefix=x86_64-linux-gnu- --enable-shared --enable-linker-build-id --libexecdir=/usr/lib --without-included-gettext --enable-threads=posix --libdir=/usr/lib --enable-nls --enable-bootstrap --enable-clocale=gnu --enable-libstdcxx-debug --enable-libstdcxx-time=yes --with-default-libstdcxx-abi=new --enable-gnu-unique-object --disable-vtable-verify --enable-plugin --enable-default-pie --with-system-zlib --enable-libphobos-checking=release --with-target-system-zlib=auto --enable-objc-gc=auto --enable-multiarch --disable-werror --enable-cet --with-arch-32=i686 --with-abi=m64 --with-multilib-list=m32,m64,mx32 --enable-multilib --with-tune=generic --enable-offload-targets=nvptx-none=/build/gcc-11-XeT9lY/gcc-11-11.4.0/debian/tmp-nvptx/usr,amdgcn-amdhsa=/build/gcc-11-XeT9lY/gcc-11-11.4.0/debian/tmp-gcn/usr --without-cuda-driver --enable-checking=release --build=x86_64-linux-gnu --host=x86_64-linux-gnu --target=x86_64-linux-gnu --with-build-config=bootstrap-lto-lean --enable-link-serialization=2
Thread model: posix
Supported LTO compression algorithms: zlib zstd
gcc version 11.4.0 (Ubuntu 11.4.0-1ubuntu1~22.04) 
... rest of stderr output deleted ...
configure:12871: $? = 0
configure:12860: gcc -V >&5
gcc: error: unrecognized command-line option '-V'
gcc: fatal error: no input files
compilation terminated.
configure:12871: $? = 1
configure:12860: gcc -qversion >&5
gcc: error: unrecognized command-line option '-qversion'; did you mean '--version'?
gcc: fatal error: no input files
compilation terminated.
configure:12871: $? = 1
configure:12875: checking whether the compiler supports GNU Objective C
configure:12895: gcc -c   conftest.m >&5
gcc: fatal error: cannot execute 'cc1obj': execvp: No such file or directory
compilation terminated.
configure:12895: $? = 1
configure: failed program was:
| /* confdefs.h */
| #define PACKAGE_NAME "SDL2_image"
| #define PACKAGE_TARNAME "SDL2_image"
| #define PACKAGE_VERSION "2.8.2"
| #define PACKAGE_STRING "SDL2_image 2.8.2"
| #define PACKAGE_BUGREPORT "https://github.com/libsdl-org/SDL_image/issues"
| #define PACKAGE_URL ""
| #define HAVE_STDIO_H 1
| #define HAVE_STDLIB_H 1
| #define HAVE_STRING_H 1
| #define HAVE_INTTYPES_H 1
| #define HAVE_STDINT_H 1
| #define HAVE_STRINGS_H 1
| #define HAVE_SYS_STAT_H 1
| #define HAVE_SYS_TYPES_H 1
| #define HAVE_UNISTD_H 1
| #define STDC_HEADERS 1
| #define HAVE_DLFCN_H 1
| #define LT_OBJDIR ".libs/"
| #define SDL_BUILD_MAJOR_VERSION 2
| #define SDL_BUILD_MINOR_VERSION 8
| #define SDL_BUILD_MICRO_VERSION 2
| #define PACKAGE "SDL2_image"
| #define VERSION "2.8.2"
| /* end confdefs.h.  */
| 
| int
| main (void)
| {
| #ifndef __GNUC__
|        choke me
| #endif
| 
|   ;
|   return 0;
| }
configure:12905: result: no
configure:12916: checking whether gcc accepts -g
configure:12937: gcc -c -g  conftest.m >&5
gcc: fatal error: cannot execute 'cc1obj': execvp: No such file or directory
compilation terminated.
configure:12937: $? = 1
configure: failed program was:
| /* confdefs.h */
| #define PACKAGE_NAME "SDL2_image"
| #define PACKAGE_TARNAME "SDL2_image"
| #define PACKAGE_VERSION "2.8.2"
| #define PACKAGE_STRING "SDL2_image 2.8.2"
| #define PACKAGE_BUGREPORT "https://github.com/libsdl-org/SDL_image/issues"
| #define PACKAGE_URL ""
| #define HAVE_STDIO_H 1
| #define HAVE_STDLIB_H 1
| #define HAVE_STRING_H 1
| #define HAVE_INTTYPES_H 1
| #define HAVE_STDINT_H 1
| #define HAVE_STRINGS_H 1
| #define HAVE_SYS_STAT_H 1
| #define HAVE_SYS_TYPES_H 1
| #define HAVE_UNISTD_H 1
| #define STDC_HEADERS 1
| #define HAVE_DLFCN_H 1
| #define LT_OBJDIR ".libs/"
| #define SDL_BUILD_MAJOR_VERSION 2
| #define SDL_BUILD_MINOR_VERSION 8
| #define SDL_BUILD_MICRO_VERSION 2
| #define PACKAGE "SDL2_image"
| #define VERSION "2.8.2"
| /* end confdefs.h.  */
| 
| int
| main (void)
| {
| 
|   ;
|   return 0;
| }
configure:12953: gcc -c   conftest.m >&5
gcc: fatal error: cannot execute 'cc1obj': execvp: No such file or directory
compilation terminated.
configure:12953: $? = 1
configure: failed program was:
| /* confdefs.h */
| #define PACKAGE_NAME "SDL2_image"
| #define PACKAGE_TARNAME "SDL2_image"
| #define PACKAGE_VERSION "2.8.2"
| #define PACKAGE_STRING "SDL2_image 2.8.2"
| #define PACKAGE_BUGREPORT "https://github.com/libsdl-org/SDL_image/issues"
| #define PACKAGE_URL ""
| #define HAVE_STDIO_H 1
| #define HAVE_STDLIB_H 1
| #define HAVE_STRING_H 1
| #define HAVE_INTTYPES_H 1
| #define HAVE_STDINT_H 1
| #define HAVE_STRINGS_H 1
| #define HAVE_SYS_STAT_H 1
| #define HAVE_SYS_TYPES_H 1
| #define HAVE_UNISTD_H 1
| #define STDC_HEADERS 1
| #define HAVE_DLFCN_H 1
| #define LT_OBJDIR ".libs/"
| #define SDL_BUILD_MAJOR_VERSION 2
| #define SDL_BUILD_MINOR_VERSION 8
| #define SDL_BUILD_MICRO_VERSION 2
| #define PACKAGE "SDL2_image"
| #define VERSION "2.8.2"
| /* end confdefs.h.  */
| 
| int
| main (void)
| {
| 
|   ;
|   return 0;
| }
configure:12970: gcc -c -g  conftest.m >&5
gcc: fatal error: cannot execute 'cc1obj': execvp: No such file or directory
compilation terminated.
configure:12970: $? = 1
configure: failed program was:
| /* confdefs.h */
| #define PACKAGE_NAME "SDL2_image"
| #define PACKAGE_TARNAME "SDL2_image"
| #define PACKAGE_VERSION "2.8.2"
| #define PACKAGE_STRING "SDL2_image 2.8.2"
| #define PACKAGE_BUGREPORT "https://github.com/libsdl-org/SDL_image/issues"
| #define PACKAGE_URL ""
| #define HAVE_STDIO_H 1
| #define HAVE_STDLIB_H 1
| #define HAVE_STRING_H 1
| #define HAVE_INTTYPES_H 1
| #define HAVE_STDINT_H 1
| #define HAVE_STRINGS_H 1
| #define HAVE_SYS_STAT_H 1
| #define HAVE_SYS_TYPES_H 1
| #define HAVE_UNISTD_H 1
| #define STDC_HEADERS 1
| #define HAVE_DLFCN_H 1
| #define LT_OBJDIR ".libs/"
| #define SDL_BUILD_MAJOR_VERSION 2
| #define SDL_BUILD_MINOR_VERSION 8
| #define SDL_BUILD_MICRO_VERSION 2
| #define PACKAGE "SDL2_image"
| #define VERSION "2.8.2"
| /* end confdefs.h.  */
| 
| int
| main (void)
| {
| 
|   ;
|   return 0;
| }
configure:12981: result: no
configure:13006: checking dependency style of gcc
configure:13116: result: gcc3
configure:13179: checking for windres
configure:13214: result: no
configure:13234: checking for fgrep
configure:13302: result: /usr/bin/grep -F
configure:13307: checking whether make sets $(MAKE)
configure:13330: result: yes
configure:13398: checking for pkg-config
configure:13421: found /usr/bin/pkg-config
configure:13433: result: /usr/bin/pkg-config
configure:13458: checking pkg-config is at least version 0.9.0
configure:13461: result: yes
configure:13478: checking for gsort
configure:13513: result: no
configure:13478: checking for sort
configure:13499: found /usr/bin/sort
configure:13510: result: sort
configure:14009: checking for sdl2 >= 2.0.9
configure:14016: $PKG_CONFIG --exists --print-errors "sdl2 >= $min_sdl_version"
configure:14019: $? = 0
configure:14033: $PKG_CONFIG --exists --print-errors "sdl2 >= $min_sdl_version"
configure:14036: $? = 0
configure:14074: result: yes
configure:14327: checking for libavif >= 0.9.3
configure:14334: $PKG_CONFIG --exists --print-errors "libavif >= 0.9.3"
Package libavif was not found in the pkg-config search path.
Perhaps you should add the directory containing `libavif.pc'
to the PKG_CONFIG_PATH environment variable
No package 'libavif' found
configure:14337: $? = 1
configure:14351: $PKG_CONFIG --exists --print-errors "libavif >= 0.9.3"
Package libavif was not found in the pkg-config search path.
Perhaps you should add the directory containing `libavif.pc'
to the PKG_CONFIG_PATH environment variable
No package 'libavif' found
configure:14354: $? = 1
configure:14368: result: no
No package 'libavif' found
configure:14392: checking for libavif >= 0.9.3
configure:14412: gcc -o conftest -g -O2 -D_REENTRANT -I/usr/include/SDL2   conftest.c -lavif >&5
conftest.c:28:20: fatal error: avif/avif.h: No such file or directory
   28 |           #include <avif/avif.h>
      |                    ^~~~~~~~~~~~~
compilation terminated.
configure:14412: $? = 1
configure: failed program was:
| /* confdefs.h */
| #define PACKAGE_NAME "SDL2_image"
| #define PACKAGE_TARNAME "SDL2_image"
| #define PACKAGE_VERSION "2.8.2"
| #define PACKAGE_STRING "SDL2_image 2.8.2"
| #define PACKAGE_BUGREPORT "https://github.com/libsdl-org/SDL_image/issues"
| #define PACKAGE_URL ""
| #define HAVE_STDIO_H 1
| #define HAVE_STDLIB_H 1
| #define HAVE_STRING_H 1
| #define HAVE_INTTYPES_H 1
| #define HAVE_STDINT_H 1
| #define HAVE_STRINGS_H 1
| #define HAVE_SYS_STAT_H 1
| #define HAVE_SYS_TYPES_H 1
| #define HAVE_UNISTD_H 1
| #define STDC_HEADERS 1
| #define HAVE_DLFCN_H 1
| #define LT_OBJDIR ".libs/"
| #define SDL_BUILD_MAJOR_VERSION 2
| #define SDL_BUILD_MINOR_VERSION 8
| #define SDL_BUILD_MICRO_VERSION 2
| #define PACKAGE "SDL2_image"
| #define VERSION "2.8.2"
| #define USE_STBIMAGE 1
| /* end confdefs.h.  */
| 
|           #include <avif/avif.h>
| 
| int
| main (void)
| {
| 
|           #if (AVIF_VERSION < 90300)
|           #error libavif too old.
|           #endif
|           return !!avifVersion();
| 
|   ;
|   return 0;
| }
configure:14432: result: no
configure:14527: WARNING: *** Unable to find AVIF library (https://github.com/AOMediaCodec/libavif)
configure:14529: WARNING: AVIF image loading disabled
configure:14766: checking for libjxl
configure:14773: $PKG_CONFIG --exists --print-errors "libjxl"
Package libjxl was not found in the pkg-config search path.
Perhaps you should add the directory containing `libjxl.pc'
to the PKG_CONFIG_PATH environment variable
No package 'libjxl' found
configure:14776: $? = 1
configure:14790: $PKG_CONFIG --exists --print-errors "libjxl"
Package libjxl was not found in the pkg-config search path.
Perhaps you should add the directory containing `libjxl.pc'
to the PKG_CONFIG_PATH environment variable
No package 'libjxl' found
configure:14793: $? = 1
configure:14807: result: no
No package 'libjxl' found
configure:14823: checking for jxl/decode.h
configure:14823: gcc -c -g -O2 -D_REENTRANT -I/usr/include/SDL2  conftest.c >&5
conftest.c:56:10: fatal error: jxl/decode.h: No such file or directory
   56 | #include <jxl/decode.h>
      |          ^~~~~~~~~~~~~~
compilation terminated.
configure:14823: $? = 1
configure: failed program was:
| /* confdefs.h */
| #define PACKAGE_NAME "SDL2_image"
| #define PACKAGE_TARNAME "SDL2_image"
| #define PACKAGE_VERSION "2.8.2"
| #define PACKAGE_STRING "SDL2_image 2.8.2"
| #define PACKAGE_BUGREPORT "https://github.com/libsdl-org/SDL_image/issues"
| #define PACKAGE_URL ""
| #define HAVE_STDIO_H 1
| #define HAVE_STDLIB_H 1
| #define HAVE_STRING_H 1
| #define HAVE_INTTYPES_H 1
| #define HAVE_STDINT_H 1
| #define HAVE_STRINGS_H 1
| #define HAVE_SYS_STAT_H 1
| #define HAVE_SYS_TYPES_H 1
| #define HAVE_UNISTD_H 1
| #define STDC_HEADERS 1
| #define HAVE_DLFCN_H 1
| #define LT_OBJDIR ".libs/"
| #define SDL_BUILD_MAJOR_VERSION 2
| #define SDL_BUILD_MINOR_VERSION 8
| #define SDL_BUILD_MICRO_VERSION 2
| #define PACKAGE "SDL2_image"
| #define VERSION "2.8.2"
| #define USE_STBIMAGE 1
| #define LOAD_JPG 1
| /* end confdefs.h.  */
| #include <stddef.h>
| #ifdef HAVE_STDIO_H
| # include <stdio.h>
| #endif
| #ifdef HAVE_STDLIB_H
| # include <stdlib.h>
| #endif
| #ifdef HAVE_STRING_H
| # include <string.h>
| #endif
| #ifdef HAVE_INTTYPES_H
| # include <inttypes.h>
| #endif
| #ifdef HAVE_STDINT_H
| # include <stdint.h>
| #endif
| #ifdef HAVE_STRINGS_H
| # include <strings.h>
| #endif
| #ifdef HAVE_SYS_TYPES_H
| # include <sys/types.h>
| #endif
| #ifdef HAVE_SYS_STAT_H
| # include <sys/stat.h>
| #endif
| #ifdef HAVE_UNISTD_H
| # include <unistd.h>
| #endif
| #include <jxl/decode.h>
configure:14823: result: no
configure:14832: checking for JxlSignatureCheck in -ljxl
configure:14855: gcc -o conftest -g -O2 -D_REENTRANT -I/usr/include/SDL2   conftest.c -ljxl   -lSDL2 >&5
/usr/bin/ld: cannot find -ljxl: No such file or directory
collect2: error: ld returned 1 exit status
configure:14855: $? = 1
configure: failed program was:
| /* confdefs.h */
| #define PACKAGE_NAME "SDL2_image"
| #define PACKAGE_TARNAME "SDL2_image"
| #define PACKAGE_VERSION "2.8.2"
| #define PACKAGE_STRING "SDL2_image 2.8.2"
| #define PACKAGE_BUGREPORT "https://github.com/libsdl-org/SDL_image/issues"
| #define PACKAGE_URL ""
| #define HAVE_STDIO_H 1
| #define HAVE_STDLIB_H 1
| #define HAVE_STRING_H 1
| #define HAVE_INTTYPES_H 1
| #define HAVE_STDINT_H 1
| #define HAVE_STRINGS_H 1
| #define HAVE_SYS_STAT_H 1
| #define HAVE_SYS_TYPES_H 1
| #define HAVE_UNISTD_H 1
| #define STDC_HEADERS 1
| #define HAVE_DLFCN_H 1
| #define LT_OBJDIR ".libs/"
| #define SDL_BUILD_MAJOR_VERSION 2
| #define SDL_BUILD_MINOR_VERSION 8
| #define SDL_BUILD_MICRO_VERSION 2
| #define PACKAGE "SDL2_image"
| #define VERSION "2.8.2"
| #define USE_STBIMAGE 1
| #define LOAD_JPG 1
| /* end confdefs.h.  */
| 
| /* Override any GCC internal prototype to avoid an error.
|    Use char because int might match the return type of a GCC
|    builtin and then its argument prototype would still apply.  */
| char JxlSignatureCheck ();
| int
| main (void)
| {
| return JxlSignatureCheck ();
|   ;
|   return 0;
| }
configure:14865: result: no
configure:14970: WARNING: *** Unable to find JXL library (https://jpegxl.info/)
configure:14972: WARNING: JXL image loading disabled
configure:15207: checking for libtiff-4
configure:15214: $PKG_CONFIG --exists --print-errors "libtiff-4"
Package libtiff-4 was not found in the pkg-config search path.
Perhaps you should add the directory containing `libtiff-4.pc'
to the PKG_CONFIG_PATH environment variable
No package 'libtiff-4' found
configure:15217: $? = 1
configure:15231: $PKG_CONFIG --exists --print-errors "libtiff-4"
Package libtiff-4 was not found in the pkg-config search path.
Perhaps you should add the directory containing `libtiff-4.pc'
to the PKG_CONFIG_PATH environment variable
No package 'libtiff-4' found
configure:15234: $? = 1
configure:15248: result: no
No package 'libtiff-4' found
configure:15264: checking for tiffio.h
configure:15264: gcc -c -g -O2 -D_REENTRANT -I/usr/include/SDL2  conftest.c >&5
conftest.c:57:10: fatal error: tiffio.h: No such file or directory
   57 | #include <tiffio.h>
      |          ^~~~~~~~~~
compilation terminated.
configure:15264: $? = 1
configure: failed program was:
| /* confdefs.h */
| #define PACKAGE_NAME "SDL2_image"
| #define PACKAGE_TARNAME "SDL2_image"
| #define PACKAGE_VERSION "2.8.2"
| #define PACKAGE_STRING "SDL2_image 2.8.2"
| #define PACKAGE_BUGREPORT "https://github.com/libsdl-org/SDL_image/issues"
| #define PACKAGE_URL ""
| #define HAVE_STDIO_H 1
| #define HAVE_STDLIB_H 1
| #define HAVE_STRING_H 1
| #define HAVE_INTTYPES_H 1
| #define HAVE_STDINT_H 1
| #define HAVE_STRINGS_H 1
| #define HAVE_SYS_STAT_H 1
| #define HAVE_SYS_TYPES_H 1
| #define HAVE_UNISTD_H 1
| #define STDC_HEADERS 1
| #define HAVE_DLFCN_H 1
| #define LT_OBJDIR ".libs/"
| #define SDL_BUILD_MAJOR_VERSION 2
| #define SDL_BUILD_MINOR_VERSION 8
| #define SDL_BUILD_MICRO_VERSION 2
| #define PACKAGE "SDL2_image"
| #define VERSION "2.8.2"
| #define USE_STBIMAGE 1
| #define LOAD_JPG 1
| #define LOAD_PNG 1
| /* end confdefs.h.  */
| #include <stddef.h>
| #ifdef HAVE_STDIO_H
| # include <stdio.h>
| #endif
| #ifdef HAVE_STDLIB_H
| # include <stdlib.h>
| #endif
| #ifdef HAVE_STRING_H
| # include <string.h>
| #endif
| #ifdef HAVE_INTTYPES_H
| # include <inttypes.h>
| #endif
| #ifdef HAVE_STDINT_H
| # include <stdint.h>
| #endif
| #ifdef HAVE_STRINGS_H
| # include <strings.h>
| #endif
| #ifdef HAVE_SYS_TYPES_H
| # include <sys/types.h>
| #endif
| #ifdef HAVE_SYS_STAT_H
| # include <sys/stat.h>
| #endif
| #ifdef HAVE_UNISTD_H
| # include <unistd.h>
| #endif
| #include <tiffio.h>
configure:15264: result: no
configure:15273: checking for TIFFClientOpen in -ltiff
configure:15296: gcc -o conftest -g -O2 -D_REENTRANT -I/usr/include/SDL2   conftest.c -ltiff -lz  -lSDL2 >&5
/usr/bin/ld: cannot find -ltiff: No such file or directory
collect2: error: ld returned 1 exit status
configure:15296: $? = 1
configure: failed program was:
| /* confdefs.h */
| #define PACKAGE_NAME "SDL2_image"
| #define PACKAGE_TARNAME "SDL2_image"
| #define PACKAGE_VERSION "2.8.2"
| #define PACKAGE_STRING "SDL2_image 2.8.2"
| #define PACKAGE_BUGREPORT "https://github.com/libsdl-org/SDL_image/issues"
| #define PACKAGE_URL ""
| #define HAVE_STDIO_H 1
| #define HAVE_STDLIB_H 1
| #define HAVE_STRING_H 1
| #define HAVE_INTTYPES_H 1
| #define HAVE_STDINT_H 1
| #define HAVE_STRINGS_H 1
| #define HAVE_SYS_STAT_H 1
| #define HAVE_SYS_TYPES_H 1
| #define HAVE_UNISTD_H 1
| #define STDC_HEADERS 1
| #define HAVE_DLFCN_H 1
| #define LT_OBJDIR ".libs/"
| #define SDL_BUILD_MAJOR_VERSION 2
| #define SDL_BUILD_MINOR_VERSION 8
| #define SDL_BUILD_MICRO_VERSION 2
| #define PACKAGE "SDL2_image"
| #define VERSION "2.8.2"
| #define USE_STBIMAGE 1
| #define LOAD_JPG 1
| #define LOAD_PNG 1
| /* end confdefs.h.  */
| 
| /* Override any GCC internal prototype to avoid an error.
|    Use char because int might match the return type of a GCC
|    builtin and then its argument prototype would still apply.  */
| char TIFFClientOpen ();
| int
| main (void)
| {
| return TIFFClientOpen ();
|   ;
|   return 0;
| }
configure:15306: result: no
configure:15406: WARNING: *** Unable to find Tiff library (http://www.simplesystems.org/libtiff/)
configure:15408: WARNING: TIF image loading disabled
configure:15418: checking for libwebpdemux
configure:15425: $PKG_CONFIG --exists --print-errors "libwebpdemux"
Package libwebpdemux was not found in the pkg-config search path.
Perhaps you should add the directory containing `libwebpdemux.pc'
to the PKG_CONFIG_PATH environment variable
No package 'libwebpdemux' found
configure:15428: $? = 1
configure:15442: $PKG_CONFIG --exists --print-errors "libwebpdemux"
Package libwebpdemux was not found in the pkg-config search path.
Perhaps you should add the directory containing `libwebpdemux.pc'
to the PKG_CONFIG_PATH environment variable
No package 'libwebpdemux' found
configure:15445: $? = 1
configure:15459: result: no
No package 'libwebpdemux' found
configure:15475: checking for webp/demux.h
configure:15475: gcc -c -g -O2 -D_REENTRANT -I/usr/include/SDL2  conftest.c >&5
conftest.c:57:10: fatal error: webp/demux.h: No such file or directory
   57 | #include <webp/demux.h>
      |          ^~~~~~~~~~~~~~
compilation terminated.
configure:15475: $? = 1
configure: failed program was:
| /* confdefs.h */
| #define PACKAGE_NAME "SDL2_image"
| #define PACKAGE_TARNAME "SDL2_image"
| #define PACKAGE_VERSION "2.8.2"
| #define PACKAGE_STRING "SDL2_image 2.8.2"
| #define PACKAGE_BUGREPORT "https://github.com/libsdl-org/SDL_image/issues"
| #define PACKAGE_URL ""
| #define HAVE_STDIO_H 1
| #define HAVE_STDLIB_H 1
| #define HAVE_STRING_H 1
| #define HAVE_INTTYPES_H 1
| #define HAVE_STDINT_H 1
| #define HAVE_STRINGS_H 1
| #define HAVE_SYS_STAT_H 1
| #define HAVE_SYS_TYPES_H 1
| #define HAVE_UNISTD_H 1
| #define STDC_HEADERS 1
| #define HAVE_DLFCN_H 1
| #define LT_OBJDIR ".libs/"
| #define SDL_BUILD_MAJOR_VERSION 2
| #define SDL_BUILD_MINOR_VERSION 8
| #define SDL_BUILD_MICRO_VERSION 2
| #define PACKAGE "SDL2_image"
| #define VERSION "2.8.2"
| #define USE_STBIMAGE 1
| #define LOAD_JPG 1
| #define LOAD_PNG 1
| /* end confdefs.h.  */
| #include <stddef.h>
| #ifdef HAVE_STDIO_H
| # include <stdio.h>
| #endif
| #ifdef HAVE_STDLIB_H
| # include <stdlib.h>
| #endif
| #ifdef HAVE_STRING_H
| # include <string.h>
| #endif
| #ifdef HAVE_INTTYPES_H
| # include <inttypes.h>
| #endif
| #ifdef HAVE_STDINT_H
| # include <stdint.h>
| #endif
| #ifdef HAVE_STRINGS_H
| # include <strings.h>
| #endif
| #ifdef HAVE_SYS_TYPES_H
| # include <sys/types.h>
| #endif
| #ifdef HAVE_SYS_STAT_H
| # include <sys/stat.h>
| #endif
| #ifdef HAVE_UNISTD_H
| # include <unistd.h>
| #endif
| #include <webp/demux.h>
configure:15475: result: no
configure:15484: checking for WebPDemuxGetFrame in -lwebpdemux
configure:15507: gcc -o conftest -g -O2 -D_REENTRANT -I/usr/include/SDL2   conftest.c -lwebpdemux -lm  -lSDL2 >&5
/usr/bin/ld: cannot find -lwebpdemux: No such file or directory
collect2: error: ld returned 1 exit status
configure:15507: $? = 1
configure: failed program was:
| /* confdefs.h */
| #define PACKAGE_NAME "SDL2_image"
| #define PACKAGE_TARNAME "SDL2_image"
| #define PACKAGE_VERSION "2.8.2"
| #define PACKAGE_STRING "SDL2_image 2.8.2"
| #define PACKAGE_BUGREPORT "https://github.com/libsdl-org/SDL_image/issues"
| #define PACKAGE_URL ""
| #define HAVE_STDIO_H 1
| #define HAVE_STDLIB_H 1
| #define HAVE_STRING_H 1
| #define HAVE_INTTYPES_H 1
| #define HAVE_STDINT_H 1
| #define HAVE_STRINGS_H 1
| #define HAVE_SYS_STAT_H 1
| #define HAVE_SYS_TYPES_H 1
| #define HAVE_UNISTD_H 1
| #define STDC_HEADERS 1
| #define HAVE_DLFCN_H 1
| #define LT_OBJDIR ".libs/"
| #define SDL_BUILD_MAJOR_VERSION 2
| #define SDL_BUILD_MINOR_VERSION 8
| #define SDL_BUILD_MICRO_VERSION 2
| #define PACKAGE "SDL2_image"
| #define VERSION "2.8.2"
| #define USE_STBIMAGE 1
| #define LOAD_JPG 1
| #define LOAD_PNG 1
| /* end confdefs.h.  */
| 
| /* Override any GCC internal prototype to avoid an error.
|    Use char because int might match the return type of a GCC
|    builtin and then its argument prototype would still apply.  */
| char WebPDemuxGetFrame ();
| int
| main (void)
| {
| return WebPDemuxGetFrame ();
|   ;
|   return 0;
| }
configure:15517: result: no
configure:15596: checking for libwebp
configure:15603: $PKG_CONFIG --exists --print-errors "libwebp"
Package libwebp was not found in the pkg-config search path.
Perhaps you should add the directory containing `libwebp.pc'
to the PKG_CONFIG_PATH environment variable
No package 'libwebp' found
configure:15606: $? = 1
configure:15620: $PKG_CONFIG --exists --print-errors "libwebp"
Package libwebp was not found in the pkg-config search path.
Perhaps you should add the directory containing `libwebp.pc'
to the PKG_CONFIG_PATH environment variable
No package 'libwebp' found
configure:15623: $? = 1
configure:15637: result: no
No package 'libwebp' found
configure:15653: checking for webp/decode.h
configure:15653: gcc -c -g -O2 -D_REENTRANT -I/usr/include/SDL2  conftest.c >&5
conftest.c:57:10: fatal error: webp/decode.h: No such file or directory
   57 | #include <webp/decode.h>
      |          ^~~~~~~~~~~~~~~
compilation terminated.
configure:15653: $? = 1
configure: failed program was:
| /* confdefs.h */
| #define PACKAGE_NAME "SDL2_image"
| #define PACKAGE_TARNAME "SDL2_image"
| #define PACKAGE_VERSION "2.8.2"
| #define PACKAGE_STRING "SDL2_image 2.8.2"
| #define PACKAGE_BUGREPORT "https://github.com/libsdl-org/SDL_image/issues"
| #define PACKAGE_URL ""
| #define HAVE_STDIO_H 1
| #define HAVE_STDLIB_H 1
| #define HAVE_STRING_H 1
| #define HAVE_INTTYPES_H 1
| #define HAVE_STDINT_H 1
| #define HAVE_STRINGS_H 1
| #define HAVE_SYS_STAT_H 1
| #define HAVE_SYS_TYPES_H 1
| #define HAVE_UNISTD_H 1
| #define STDC_HEADERS 1
| #define HAVE_DLFCN_H 1
| #define LT_OBJDIR ".libs/"
| #define SDL_BUILD_MAJOR_VERSION 2
| #define SDL_BUILD_MINOR_VERSION 8
| #define SDL_BUILD_MICRO_VERSION 2
| #define PACKAGE "SDL2_image"
| #define VERSION "2.8.2"
| #define USE_STBIMAGE 1
| #define LOAD_JPG 1
| #define LOAD_PNG 1
| /* end confdefs.h.  */
| #include <stddef.h>
| #ifdef HAVE_STDIO_H
| # include <stdio.h>
| #endif
| #ifdef HAVE_STDLIB_H
| # include <stdlib.h>
| #endif
| #ifdef HAVE_STRING_H
| # include <string.h>
| #endif
| #ifdef HAVE_INTTYPES_H
| # include <inttypes.h>
| #endif
| #ifdef HAVE_STDINT_H
| # include <stdint.h>
| #endif
| #ifdef HAVE_STRINGS_H
| # include <strings.h>
| #endif
| #ifdef HAVE_SYS_TYPES_H
| # include <sys/types.h>
| #endif
| #ifdef HAVE_SYS_STAT_H
| # include <sys/stat.h>
| #endif
| #ifdef HAVE_UNISTD_H
| # include <unistd.h>
| #endif
| #include <webp/decode.h>
configure:15653: result: no
configure:15662: checking for WebPGetDecoderVersion in -lwebp
configure:15685: gcc -o conftest -g -O2 -D_REENTRANT -I/usr/include/SDL2   conftest.c -lwebp -lm  -lSDL2 >&5
/usr/bin/ld: cannot find -lwebp: No such file or directory
collect2: error: ld returned 1 exit status
configure:15685: $? = 1
configure: failed program was:
| /* confdefs.h */
| #define PACKAGE_NAME "SDL2_image"
| #define PACKAGE_TARNAME "SDL2_image"
| #define PACKAGE_VERSION "2.8.2"
| #define PACKAGE_STRING "SDL2_image 2.8.2"
| #define PACKAGE_BUGREPORT "https://github.com/libsdl-org/SDL_image/issues"
| #define PACKAGE_URL ""
| #define HAVE_STDIO_H 1
| #define HAVE_STDLIB_H 1
| #define HAVE_STRING_H 1
| #define HAVE_INTTYPES_H 1
| #define HAVE_STDINT_H 1
| #define HAVE_STRINGS_H 1
| #define HAVE_SYS_STAT_H 1
| #define HAVE_SYS_TYPES_H 1
| #define HAVE_UNISTD_H 1
| #define STDC_HEADERS 1
| #define HAVE_DLFCN_H 1
| #define LT_OBJDIR ".libs/"
| #define SDL_BUILD_MAJOR_VERSION 2
| #define SDL_BUILD_MINOR_VERSION 8
| #define SDL_BUILD_MICRO_VERSION 2
| #define PACKAGE "SDL2_image"
| #define VERSION "2.8.2"
| #define USE_STBIMAGE 1
| #define LOAD_JPG 1
| #define LOAD_PNG 1
| /* end confdefs.h.  */
| 
| /* Override any GCC internal prototype to avoid an error.
|    Use char because int might match the return type of a GCC
|    builtin and then its argument prototype would still apply.  */
| char WebPGetDecoderVersion ();
| int
| main (void)
| {
| return WebPGetDecoderVersion ();
|   ;
|   return 0;
| }
configure:15695: result: no
configure:15800: WARNING: *** Unable to find WEBP library (https://developers.google.com/speed/webp)
configure:15802: WARNING: WEBP image loading disabled
configure:13624: checking for linker option --no-undefined
configure:13644: gcc -o conftest -g -O2 -D_REENTRANT -I/usr/include/SDL2   -Wl,--no-undefined conftest.c  -lSDL2 >&5
configure:13644: $? = 0
configure:13654: result: yes
configure:13660: checking for GCC -Wall option
configure:13677: gcc -c -g -O2 -D_REENTRANT -I/usr/include/SDL2 -Wall  conftest.c >&5
configure:13677: $? = 0
configure:13682: result: yes
configure:13689: checking for necessary GCC -Wno-multichar option
configure:13697: result: no
configure:13707: checking for GCC -fvisibility=hidden option
configure:13736: gcc -c -g -O2 -D_REENTRANT -I/usr/include/SDL2 -Wall -fvisibility=hidden -Werror  conftest.c >&5
configure:13736: $? = 0
configure:13741: result: yes
configure:16293: checking that generated files are newer than configure
configure:16299: result: done
configure:16342: creating ./config.status

## ---------------- ##
## Cache variables. ##
## ---------------- ##

ac_cv_build=x86_64-pc-linux-gnu
ac_cv_c_compiler_gnu=yes
ac_cv_env_CC_set=
ac_cv_env_CC_value=
ac_cv_env_CFLAGS_set=
ac_cv_env_CFLAGS_value=
ac_cv_env_CPPFLAGS_set=
ac_cv_env_CPPFLAGS_value=
ac_cv_env_LDFLAGS_set=
ac_cv_env_LDFLAGS_value=
ac_cv_env_LIBAVIF_CFLAGS_set=
ac_cv_env_LIBAVIF_CFLAGS_value=
ac_cv_env_LIBAVIF_LIBS_set=
ac_cv_env_LIBAVIF_LIBS_value=
ac_cv_env_LIBJPEG_CFLAGS_set=
ac_cv_env_LIBJPEG_CFLAGS_value=
ac_cv_env_LIBJPEG_LIBS_set=
ac_cv_env_LIBJPEG_LIBS_value=
ac_cv_env_LIBJXL_CFLAGS_set=
ac_cv_env_LIBJXL_CFLAGS_value=
ac_cv_env_LIBJXL_LIBS_set=
ac_cv_env_LIBJXL_LIBS_value=
ac_cv_env_LIBPNG_CFLAGS_set=
ac_cv_env_LIBPNG_CFLAGS_value=
ac_cv_env_LIBPNG_LIBS_set=
ac_cv_env_LIBPNG_LIBS_value=
ac_cv_env_LIBS_set=
ac_cv_env_LIBS_value=
ac_cv_env_LIBTIFF_CFLAGS_set=
ac_cv_env_LIBTIFF_CFLAGS_value=
ac_cv_env_LIBTIFF_LIBS_set=
ac_cv_env_LIBTIFF_LIBS_value=
ac_cv_env_LIBWEBPDEMUX_CFLAGS_set=
ac_cv_env_LIBWEBPDEMUX_CFLAGS_value=
ac_cv_env_LIBWEBPDEMUX_LIBS_set=
ac_cv_env_LIBWEBPDEMUX_LIBS_value=
ac_cv_env_LIBWEBP_CFLAGS_set=
ac_cv_env_LIBWEBP_CFLAGS_value=
ac_cv_env_LIBWEBP_LIBS_set=
ac_cv_env_LIBWEBP_LIBS_value=
ac_cv_env_OBJCFLAGS_set=
ac_cv_env_OBJCFLAGS_value=
ac_cv_env_OBJC_set=
ac_cv_env_OBJC_value=
ac_cv_env_PKG_CONFIG_LIBDIR_set=
ac_cv_env_PKG_CONFIG_LIBDIR_value=
ac_cv_env_PKG_CONFIG_PATH_set=
ac_cv_env_PKG_CONFIG_PATH_value=
ac_cv_env_PKG_CONFIG_set=
ac_cv_env_PKG_CONFIG_value=
ac_cv_env_SDL_CFLAGS_set=
ac_cv_env_SDL_CFLAGS_value=
ac_cv_env_SDL_LIBS_set=
ac_cv_env_SDL_LIBS_value=
ac_cv_env_build_alias_set=
ac_cv_env_build_alias_value=
ac_cv_env_host_alias_set=
ac_cv_env_host_alias_value=
ac_cv_env_target_alias_set=
ac_cv_env_target_alias_value=
ac_cv_header_dlfcn_h=yes
ac_cv_header_inttypes_h=yes
ac_cv_header_jxl_decode_h=no
ac_cv_header_stdint_h=yes
ac_cv_header_stdio_h=yes
ac_cv_header_stdlib_h=yes
ac_cv_header_string_h=yes
ac_cv_header_strings_h=yes
ac_cv_header_sys_stat_h=yes
ac_cv_header_sys_types_h=yes
ac_cv_header_tiffio_h=no
ac_cv_header_unistd_h=yes
ac_cv_header_webp_decode_h=no
ac_cv_header_webp_demux_h=no
ac_cv_host=x86_64-pc-linux-gnu
ac_cv_lib_jxl_JxlSignatureCheck=no
ac_cv_lib_tiff_TIFFClientOpen=no
ac_cv_lib_webp_WebPGetDecoderVersion=no
ac_cv_lib_webpdemux_WebPDemuxGetFrame=no
ac_cv_objc_compiler_gnu=no
ac_cv_objext=o
ac_cv_path_EGREP='/usr/bin/grep -E'
ac_cv_path_FGREP='/usr/bin/grep -F'
ac_cv_path_GREP=/usr/bin/grep
ac_cv_path_SED=/usr/bin/sed
ac_cv_path_ac_pt_PKG_CONFIG=/usr/bin/pkg-config
ac_cv_path_install='/usr/bin/install -c'
ac_cv_path_mkdir=/usr/bin/mkdir
ac_cv_prog_AWK=gawk
ac_cv_prog_SORT=sort
ac_cv_prog_ac_ct_AR=ar
ac_cv_prog_ac_ct_CC=gcc
ac_cv_prog_ac_ct_OBJC=gcc
ac_cv_prog_ac_ct_OBJDUMP=objdump
ac_cv_prog_ac_ct_RANLIB=ranlib
ac_cv_prog_ac_ct_STRIP=strip
ac_cv_prog_cc_c11=
ac_cv_prog_cc_g=yes
ac_cv_prog_cc_stdc=
ac_cv_prog_make_make_set=yes
ac_cv_prog_objc_g=no
am_cv_CC_dependencies_compiler_type=gcc3
am_cv_OBJC_dependencies_compiler_type=gcc3
am_cv_make_support_nested_variables=yes
am_cv_prog_cc_c_o=yes
am_cv_prog_tar_ustar=gnutar
lt_cv_deplibs_check_method=pass_all
lt_cv_file_magic_cmd='$MAGIC_CMD'
lt_cv_file_magic_test_file=
lt_cv_ld_reload_flag=-r
lt_cv_nm_interface='BSD nm'
lt_cv_objdir=.libs
lt_cv_path_LD=/usr/bin/ld
lt_cv_path_NM='/usr/bin/nm -B'
lt_cv_prog_compiler_c_o=yes
lt_cv_prog_compiler_pic_works=yes
lt_cv_prog_compiler_rtti_exceptions=no
lt_cv_prog_compiler_static_works=yes
lt_cv_prog_gnu_ld=yes
lt_cv_sys_global_symbol_pipe='sed -n -e '\''s/^.*[	 ]\([ABCDGIRSTW][ABCDGIRSTW]*\)[	 ][	 ]*\([_A-Za-z][_A-Za-z0-9]*\)$/\1 \2 \2/p'\'''
lt_cv_sys_global_symbol_to_c_name_address='sed -n -e '\''s/^: \([^ ]*\) $/  {\"\1\", (void *) 0},/p'\'' -e '\''s/^[ABCDGIRSTW]* \([^ ]*\) \([^ ]*\)$/  {"\2", (void *) \&\2},/p'\'''
lt_cv_sys_global_symbol_to_c_name_address_lib_prefix='sed -n -e '\''s/^: \([^ ]*\) $/  {\"\1\", (void *) 0},/p'\'' -e '\''s/^[ABCDGIRSTW]* \([^ ]*\) \(lib[^ ]*\)$/  {"\2", (void *) \&\2},/p'\'' -e '\''s/^[ABCDGIRSTW]* \([^ ]*\) \([^ ]*\)$/  {"lib\2", (void *) \&\2},/p'\'''
lt_cv_sys_global_symbol_to_cdecl='sed -n -e '\''s/^T .* \(.*\)$/extern int \1();/p'\'' -e '\''s/^[ABCDGIRSTW]* .* \(.*\)$/extern char \1;/p'\'''
lt_cv_sys_max_cmd_len=1572864
pkg_cv_SDL_CFLAGS='-D_REENTRANT -I/usr/include/SDL2'
pkg_cv_SDL_LIBS=-lSDL2

## ----------------- ##
## Output variables. ##
## ----------------- ##

ACLOCAL='${SHELL} '\''/home/kozhevka/downloads/ucode/endgame/EndGame_ucode/resourse/libs/SDL_image/missing'\'' aclocal-1.16'
AMDEPBACKSLASH='\'
AMDEP_FALSE='#'
AMDEP_TRUE=''
AMTAR='$${TAR-tar}'
AM_BACKSLASH='\'
AM_DEFAULT_V='$(AM_DEFAULT_VERBOSITY)'
AM_DEFAULT_VERBOSITY='1'
AM_V='$(V)'
AR='ar'
AS='as'
AUTOCONF='${SHELL} '\''/home/kozhevka/downloads/ucode/endgame/EndGame_ucode/resourse/libs/SDL_image/missing'\'' autoconf'
AUTOHEADER='${SHELL} '\''/home/kozhevka/downloads/ucode/endgame/EndGame_ucode/resourse/libs/SDL_image/missing'\'' autoheader'
AUTOMAKE='${SHELL} '\''/home/kozhevka/downloads/ucode/endgame/EndGame_ucode/resourse/libs/SDL_image/missing'\'' automake-1.16'
AWK='gawk'
BUILD_TESTS_FALSE=''
BUILD_TESTS_TRUE='#'
CC='gcc'
CCDEPMODE='depmode=gcc3'
CFLAGS='-g -O2 -D_REENTRANT -I/usr/include/SDL2 -Wall -fvisibility=hidden'
CPPFLAGS=''
CSCOPE='cscope'
CTAGS='ctags'
CYGPATH_W='echo'
DEFS='-DPACKAGE_NAME=\"SDL2_image\" -DPACKAGE_TARNAME=\"SDL2_image\" -DPACKAGE_VERSION=\"2.8.2\" -DPACKAGE_STRING=\"SDL2_image\ 2.8.2\" -DPACKAGE_BUGREPORT=\"https://github.com/libsdl-org/SDL_image/issues\" -DPACKAGE_URL=\"\" -DHAVE_STDIO_H=1 -DHAVE_STDLIB_H=1 -DHAVE_STRING_H=1 -DHAVE_INTTYPES_H=1 -DHAVE_STDINT_H=1 -DHAVE_STRINGS_H=1 -DHAVE_SYS_STAT_H=1 -DHAVE_SYS_TYPES_H=1 -DHAVE_UNISTD_H=1 -DSTDC_HEADERS=1 -DHAVE_DLFCN_H=1 -DLT_OBJDIR=\".libs/\" -DSDL_BUILD_MAJOR_VERSION=2 -DSDL_BUILD_MINOR_VERSION=8 -DSDL_BUILD_MICRO_VERSION=2 -DPACKAGE=\"SDL2_image\" -DVERSION=\"2.8.2\" -DUSE_STBIMAGE=1 -DLOAD_JPG=1 -DLOAD_PNG=1 -DLOAD_BMP=1 -DLOAD_GIF=1 -DLOAD_LBM=1 -DLOAD_PCX=1 -DLOAD_PNM=1 -DLOAD_SVG=1 -DLOAD_TGA=1 -DLOAD_XCF=1 -DLOAD_XPM=1 -DLOAD_XV=1 -DLOAD_QOI=1 -DSDL_IMAGE_SAVE_PNG=1 -DSDL_IMAGE_SAVE_JPG=1'
DEPDIR='.deps'
DLLTOOL='dlltool'
DSYMUTIL=''
DUMPBIN=''
ECHO_C=''
ECHO_N='-n'
ECHO_T=''
EGREP='/usr/bin/grep -E'
ETAGS='etags'
EXEEXT=''
FGREP='/usr/bin/grep -F'
GREP='/usr/bin/grep'
IMG_LIBS=''
INSTALL_DATA='${INSTALL} -m 644'
INSTALL_PROGRAM='${INSTALL}'
INSTALL_SCRIPT='${INSTALL}'
INSTALL_STRIP_PROGRAM='$(install_sh) -c -s'
INSTALL_TESTS_FALSE=''
INSTALL_TESTS_TRUE='#'
LD='/usr/bin/ld -m elf_x86_64'
LDFLAGS=' -Wl,--no-undefined'
LIBAVIF_CFLAGS=''
LIBAVIF_LIBS=''
LIBJPEG_CFLAGS=''
LIBJPEG_LIBS=''
LIBJXL_CFLAGS=''
LIBJXL_LIBS=''
LIBOBJS=''
LIBPNG_CFLAGS=''
LIBPNG_LIBS=''
LIBS=' -lSDL2'
LIBTIFF_CFLAGS=''
LIBTIFF_LIBS=''
LIBTOOL='$(SHELL) $(top_builddir)/libtool'
LIBWEBPDEMUX_CFLAGS=''
LIBWEBPDEMUX_LIBS=''
LIBWEBP_CFLAGS=''
LIBWEBP_LIBS=''
LIPO=''
LN_S='ln -s'
LOAD_AVIF='0'
LOAD_BMP='1'
LOAD_GIF='1'
LOAD_JPG='1'
LOAD_JXL='0'
LOAD_LBM='1'
LOAD_PCX='1'
LOAD_PNG='1'
LOAD_PNM='1'
LOAD_QOI='1'
LOAD_SVG='1'
LOAD_TGA='1'
LOAD_TIF='0'
LOAD_WEBP=''
LOAD_XCF='1'
LOAD_XPM='1'
LOAD_XV='1'
LTLIBOBJS=''
LT_AGE='800'
LT_CURRENT='800'
LT_EXTRA=''
LT_RELEASE='2.0'
LT_REVISION='2'
MAJOR_VERSION='2'
MAKEINFO='${SHELL} '\''/home/kozhevka/downloads/ucode/endgame/EndGame_ucode/resourse/libs/SDL_image/missing'\'' makeinfo'
MICRO_VERSION='2'
MINOR_VERSION='8'
MKDIR_P='/usr/bin/mkdir -p'
NM='/usr/bin/nm -B'
NMEDIT=''
OBJC='gcc'
OBJCDEPMODE='depmode=gcc3'
OBJCFLAGS='-g -O2 -D_REENTRANT -I/usr/include/SDL2 -Wall -fvisibility=hidden'
OBJDUMP='objdump'
OBJEXT='o'
OTOOL64=''
OTOOL=''
PACKAGE='SDL2_image'
PACKAGE_BUGREPORT='https://github.com/libsdl-org/SDL_image/issues'
PACKAGE_NAME='SDL2_image'
PACKAGE_STRING='SDL2_image 2.8.2'
PACKAGE_TARNAME='SDL2_image'
PACKAGE_URL=''
PACKAGE_VERSION='2.8.2'
PATH_SEPARATOR=':'
PC_LIBS=''
PC_REQUIRES=''
PKG_CONFIG='/usr/bin/pkg-config'
PKG_CONFIG_LIBDIR=''
PKG_CONFIG_PATH=''
RANLIB='ranlib'
RC=':'
SDL2IMAGE_JPG_SAVE='1'
SDL2IMAGE_PNG_SAVE='1'
SDL2_CONFIG='pkg-config sdl2'
SDL_CFLAGS='-D_REENTRANT -I/usr/include/SDL2'
SDL_LIBS='-lSDL2'
SDL_VERSION='2.0.9'
SED='/usr/bin/sed'
SET_MAKE=''
SHELL='/bin/bash'
SORT='sort'
STRIP='strip'
USE_IMAGEIO='0'
USE_IMAGEIO_FALSE=''
USE_IMAGEIO_TRUE='#'
USE_STBIMAGE='1'
USE_VERSION_RC_FALSE=''
USE_VERSION_RC_TRUE='#'
USE_WIC='0'
VERSION='2.8.2'
ac_ct_CC='gcc'
ac_ct_DUMPBIN=''
ac_ct_OBJC='gcc'
am__EXEEXT_FALSE=''
am__EXEEXT_TRUE='#'
am__fastdepCC_FALSE='#'
am__fastdepCC_TRUE=''
am__fastdepOBJC_FALSE='#'
am__fastdepOBJC_TRUE=''
am__include='include'
am__isrc=''
am__leading_dot='.'
am__nodep='_no'
am__quote=''
am__tar='tar --format=ustar -cf - "$$tardir"'
am__untar='tar -xf -'
bindir='${exec_prefix}/bin'
build='x86_64-pc-linux-gnu'
build_alias=''
build_cpu='x86_64'
build_os='linux-gnu'
build_vendor='pc'
cmake_prefix_relpath='../../..'
datadir='${datarootdir}'
datarootdir='${prefix}/share'
docdir='${datarootdir}/doc/${PACKAGE_TARNAME}'
dvidir='${docdir}'
exec_prefix='${prefix}'
host='x86_64-pc-linux-gnu'
host_alias=''
host_cpu='x86_64'
host_os='linux-gnu'
host_vendor='pc'
htmldir='${docdir}'
includedir='${prefix}/include'
infodir='${datarootdir}/info'
install_sh='${SHELL} /home/kozhevka/downloads/ucode/endgame/EndGame_ucode/resourse/libs/SDL_image/install-sh'
libdir='${exec_prefix}/lib'
libexecdir='${exec_prefix}/libexec'
localedir='${datarootdir}/locale'
localstatedir='${prefix}/var'
lt_ECHO='echo'
mandir='${datarootdir}/man'
mkdir_p='$(MKDIR_P)'
oldincludedir='/usr/include'
pdfdir='${docdir}'
prefix='/usr/local'
program_transform_name='s,x,x,'
psdir='${docdir}'
runstatedir='${localstatedir}/run'
sbindir='${exec_prefix}/sbin'
sharedstatedir='${prefix}/com'
sysconfdir='${prefix}/etc'
target_alias=''

## ----------- ##
## confdefs.h. ##
## ----------- ##

/* confdefs.h */
#define PACKAGE_NAME "SDL2_image"
#define PACKAGE_TARNAME "SDL2_image"
#define PACKAGE_VERSION "2.8.2"
#define PACKAGE_STRING "SDL2_image 2.8.2"
#define PACKAGE_BUGREPORT "https://github.com/libsdl-org/SDL_image/issues"
#define PACKAGE_URL ""
#define HAVE_STDIO_H 1
#define HAVE_STDLIB_H 1
#define HAVE_STRING_H 1
#define HAVE_INTTYPES_H 1
#define HAVE_STDINT_H 1
#define HAVE_STRINGS_H 1
#define HAVE_SYS_STAT_H 1
#define HAVE_SYS_TYPES_H 1
#define HAVE_UNISTD_H 1
#define STDC_HEADERS 1
#define HAVE_DLFCN_H 1
#define LT_OBJDIR ".libs/"
#define SDL_BUILD_MAJOR_VERSION 2
#define SDL_BUILD_MINOR_VERSION 8
#define SDL_BUILD_MICRO_VERSION 2
#define PACKAGE "SDL2_image"
#define VERSION "2.8.2"
#define USE_STBIMAGE 1
#define LOAD_JPG 1
#define LOAD_PNG 1
#define LOAD_BMP 1
#define LOAD_GIF 1
#define LOAD_LBM 1
#define LOAD_PCX 1
#define LOAD_PNM 1
#define LOAD_SVG 1
#define LOAD_TGA 1
#define LOAD_XCF 1
#define LOAD_XPM 1
#define LOAD_XV 1
#define LOAD_QOI 1
#define SDL_IMAGE_SAVE_PNG 1
#define SDL_IMAGE_SAVE_JPG 1

configure: exit 0

## ---------------------- ##
## Running config.status. ##
## ---------------------- ##

This file was extended by SDL2_image config.status 2.8.2, which was
generated by GNU Autoconf 2.71.  Invocation command line was

  CONFIG_FILES    = 
  CONFIG_HEADERS  = 
  CONFIG_LINKS    = 
  CONFIG_COMMANDS = 
  $ ./config.status 

on AbobaLaptop

config.status:1065: creating Makefile
config.status:1065: creating sdl2_image-config.cmake
config.status:1065: creating sdl2_image-config-version.cmake
config.status:1065: creating SDL2_image.spec
config.status:1065: creating SDL2_image.pc
config.status:1065: creating test/Makefile
config.status:1237: executing libtool commands
config.status:1237: executing depfiles commands
config.status:1956: cd .       && sed -e '/# am--include-marker/d' Makefile         | make -f - am--depfiles
make[1]: Entering directory '/home/kozhevka/downloads/ucode/endgame/EndGame_ucode/resourse/libs/SDL_image'
make[1]: Nothing to be done for 'am--depfiles'.
make[1]: Leaving directory '/home/kozhevka/downloads/ucode/endgame/EndGame_ucode/resourse/libs/SDL_image'
config.status:1961: $? = 0
config.status:1956: cd test       && sed -e '/# am--include-marker/d' Makefile         | make -f - am--depfiles
make[1]: Entering directory '/home/kozhevka/downloads/ucode/endgame/EndGame_ucode/resourse/libs/SDL_image/test'
make[1]: Nothing to be done for 'am--depfiles'.
make[1]: Leaving directory '/home/kozhevka/downloads/ucode/endgame/EndGame_ucode/resourse/libs/SDL_image/test'
config.status:1961: $? = 0
